<?xml version="1.0" encoding="UTF-8"?>
<!-- Generated by org.testng.reporters.JUnitReportReporter -->
<testsuite hostname="Anusha" failures="0" tests="1" name="com.dolibarr.erp.prospectTest.createContractandActivateConTest" time="26.086" errors="0" timestamp="2024-06-04T11:19:43 IST" skipped="0">
  <testcase classname="com.dolibarr.erp.prospectTest.createContractandActivateConTest" name="createContractandActivateConTest" time="26.086"/>
</testsuite> <!-- com.dolibarr.erp.prospectTest.createContractandActivateConTest -->
