<?xml version="1.0" encoding="UTF-8"?>
<!-- Generated by org.testng.reporters.JUnitReportReporter -->
<testsuite hostname="Anusha" failures="0" tests="1" name="com.dolibarr.erp.prospectTest.createProspectTest" time="12.056" errors="0" timestamp="2024-06-03T16:41:34 IST" skipped="0">
  <testcase classname="com.dolibarr.erp.prospectTest.createProspectTest" name="createProspect" time="12.056"/>
</testsuite> <!-- com.dolibarr.erp.prospectTest.createProspectTest -->
