<?xml version="1.0" encoding="UTF-8"?>
<!-- Generated by org.testng.reporters.JUnitReportReporter -->
<testsuite hostname="DESKTOP-8RNOGRT" failures="0" tests="1" name="com.dolibarr.erp.customertest.CreateContractAndValidateAndActivateContractForCustomerTest" time="10.208" errors="0" timestamp="2024-06-04T00:08:24 IST" skipped="0">
  <testcase classname="com.dolibarr.erp.customertest.CreateContractAndValidateAndActivateContractForCustomerTest" name="createContract" time="10.208"/>
</testsuite> <!-- com.dolibarr.erp.customertest.CreateContractAndValidateAndActivateContractForCustomerTest -->
