<?xml version="1.0" encoding="UTF-8"?>
<!-- Generated by org.testng.reporters.JUnitReportReporter -->
<testsuite hostname="DESKTOP-8RNOGRT" failures="0" tests="1" name="com.dolibarr.erp.customertest.CreateNewCustomerWithNewProposalAndValidateProposalTest" time="13.419" errors="0" timestamp="2024-06-03T16:45:42 IST" skipped="0">
  <testcase classname="com.dolibarr.erp.customertest.CreateNewCustomerWithNewProposalAndValidateProposalTest" name="createNewCustomer" time="13.419"/>
</testsuite> <!-- com.dolibarr.erp.customertest.CreateNewCustomerWithNewProposalAndValidateProposalTest -->
