<?xml version="1.0" encoding="UTF-8"?>
<!-- Generated by org.testng.reporters.JUnitReportReporter -->
<testsuite hostname="DESKTOP-PR275NH" failures="0" tests="1" name="com.dolibarr.erp.products_and_services.ProductsAndServicesTest" time="20.661" errors="0" timestamp="2024-06-03T12:01:53 IST" skipped="0">
  <testcase classname="com.dolibarr.erp.products_and_services.ProductsAndServicesTest" name="myTest" time="20.661"/>
</testsuite> <!-- com.dolibarr.erp.products_and_services.ProductsAndServicesTest -->
