<?xml version="1.0" encoding="UTF-8"?>
<!-- Generated by org.testng.reporters.JUnitReportReporter -->
<testsuite hostname="Anusha" failures="0" tests="1" name="com.dolibarr.erp.prospectTest.closingContractForCustomer" time="16.823" errors="0" timestamp="2024-06-05T10:52:36 IST" skipped="0">
  <testcase classname="com.dolibarr.erp.prospectTest.closingContractForCustomer" name="closeContract" time="16.823">
    <system-out>
      <![CDATA[Draftstatus is verified
Not running   status is verified
Running  status is verified
Closed   status is verified]]>
    </system-out>
  </testcase> <!-- closeContract -->
  <system-out>
    <![CDATA[Draftstatus is verified
Not running   status is verified
Running  status is verified
Closed   status is verified]]>
  </system-out>
</testsuite> <!-- com.dolibarr.erp.prospectTest.closingContractForCustomer -->
