<?xml version="1.0" encoding="UTF-8"?>
<!-- Generated by org.testng.reporters.JUnitReportReporter -->
<testsuite hostname="DESKTOP-PR275NH" failures="0" tests="1" name="com.comcast.crm.contacttest.SampleTest" time="20.176" errors="0" timestamp="2024-06-03T11:54:04 IST" skipped="0">
  <testcase classname="com.comcast.crm.contacttest.SampleTest" name="createConTactTest" time="20.176"/>
</testsuite> <!-- com.comcast.crm.contacttest.SampleTest -->
